<?xml version="1.0" encoding="UTF-8"?>
<!-- Generated by org.testng.reporters.JUnitReportReporter -->
<testsuite hostname="LAPTOP-PO4FGII6" failures="0" tests="1" name="com.muvi.testCases.VerifyContentTest" time="83.636" errors="0" timestamp="2021-03-16T11:00:51 IST" skipped="0">
  <testcase classname="com.muvi.testCases.VerifyContentTest" name="contentTest" time="83.636"/>
  <system-out/>
</testsuite> <!-- com.muvi.testCases.VerifyContentTest -->
